[2026-06-14 08:08:34] local.ERROR: Too few arguments to function App\Http\Controllers\TrafficController::trafficHistory(), 0 passed in C:\Users\FACHRI\Nocturnal-poison-platform-kelompok5\php-traffic\vendor\laravel\framework\src\Illuminate\Routing\ControllerDispatcher.php on line 46 and exactly 1 expected {"exception":"[object] (ArgumentCountError(code: 0): Too few arguments to function App\\Http\\Controllers\\TrafficController::trafficHistory(), 0 passed in C:\\Users\\FACHRI\\Nocturnal-poison-platform-kelompok5\\php-traffic\\vendor\\laravel\\framework\\src\\Illuminate\\Routing\\ControllerDispatcher.php on line 46 and exactly 1 expected at C:/Users/FACHRI/Nocturnal-poison-platform-kelompok5/php-traffic/app/Http/Controllers/TrafficController.php:56)
[stacktrace]
#0 C:/Users/FACHRI/Nocturnal-poison-platform-kelompok5/php-traffic/vendor/laravel/framework/src/Illuminate/Routing/ControllerDispatcher.php(46): App/Http/Controllers/TrafficController->trafficHistory()
#1 C:/Users/FACHRI/Nocturnal-poison-platform-kelompok5/php-traffic/vendor/laravel/framework/src/Illuminate/Routing/Route.php(265): Illuminate/Routing/ControllerDispatcher->dispatch()
#2 C:/Users/FACHRI/Nocturnal-poison-platform-kelompok5/php-traffic/vendor/laravel/framework/src/Illuminate/Routing/Route.php(211): Illuminate/Routing/Route->runController()
#3 C:/Users/FACHRI/Nocturnal-poison-platform-kelompok5/php-traffic/vendor/laravel/framework/src/Illuminate/Routing/Router.php(822): Illuminate/Routing/Route->run()
#4 C:/Users/FACHRI/Nocturnal-poison-platform-kelompok5/php-traffic/vendor/laravel/framework/src/Illuminate/Pipeline/Pipeline.php(180): Illuminate/Routing/Router->{closure:Illuminate/Routing/Router::runRouteWithinStack():821}()
#5 C:/Users/FACHRI/Nocturnal-poison-platform-kelompok5/php-traffic/vendor/laravel/framework/src/Illuminate/Routing/Middleware/SubstituteBindings.php(50): Illuminate/Pipeline/Pipeline->{closure:Illuminate/Pipeline/Pipeline::prepareDestination():178}()
#6 C:/Users/FACHRI/Nocturnal-poison-platform-kelompok5/php-traffic/vendor/laravel/framework/src/Illuminate/Pipeline/Pipeline.php(219): Illuminate/Routing/Middleware/SubstituteBindings->handle()
#7 C:/Users/FACHRI/Nocturnal-poison-platform-kelompok5/php-traffic/vendor/laravel/framework/src/Illuminate/Pipeline/Pipeline.php(137): Illuminate/Pipeline/Pipeline->{closure:{closure:Illuminate/Pipeline/Pipeline::carry():194}:195}()
#8 C:/Users/FACHRI/Nocturnal-poison-platform-kelompok5/php-traffic/vendor/laravel/framework/src/Illuminate/Routing/Router.php(821): Illuminate/Pipeline/Pipeline->then()
#9 C:/Users/FACHRI/Nocturnal-poison-platform-kelompok5/php-traffic/vendor/laravel/framework/src/Illuminate/Routing/Router.php(800): Illuminate/Routing/Router->runRouteWithinStack()
#10 C:/Users/FACHRI/Nocturnal-poison-platform-kelompok5/php-traffic/vendor/laravel/framework/src/Illuminate/Routing/Router.php(764): Illuminate/Routing/Router->runRoute()
#11 C:/Users/FACHRI/Nocturnal-poison-platform-kelompok5/php-traffic/vendor/laravel/framework/src/Illuminate/Routing/Router.php(753): Illuminate/Routing/Router->dispatchToRoute()
#12 C:/Users/FACHRI/Nocturnal-poison-platform-kelompok5/php-traffic/vendor/laravel/framework/src/Illuminate/Foundation/Http/Kernel.php(200): Illuminate/Routing/Router->dispatch()
#13 C:/Users/FACHRI/Nocturnal-poison-platform-kelompok5/php-traffic/vendor/laravel/framework/src/Illuminate/Pipeline/Pipeline.php(180): Illuminate/Foundation/Http/Kernel->{closure:Illuminate/Foundation/Http/Kernel::dispatchToRouter():197}()
#14 C:/Users/FACHRI/Nocturnal-poison-platform-kelompok5/php-traffic/vendor/laravel/framework/src/Illuminate/Foundation/Http/Middleware/TransformsRequest.php(21): Illuminate/Pipeline/Pipeline->{closure:Illuminate/Pipeline/Pipeline::prepareDestination():178}()
#15 C:/Users/FACHRI/Nocturnal-poison-platform-kelompok5/php-traffic/vendor/laravel/framework/src/Illuminate/Foundation/Http/Middleware/ConvertEmptyStringsToNull.php(31): Illuminate/Foundation/Http/Middleware/TransformsRequest->handle()
#16 C:/Users/FACHRI/Nocturnal-poison-platform-kelompok5/php-traffic/vendor/laravel/framework/src/Illuminate/Pipeline/Pipeline.php(219): Illuminate/Foundation/Http/Middleware/ConvertEmptyStringsToNull->handle()
#17 C:/Users/FACHRI/Nocturnal-poison-platform-kelompok5/php-traffic/vendor/laravel/framework/src/Illuminate/Foundation/Http/Middleware/TransformsRequest.php(21): Illuminate/Pipeline/Pipeline->{closure:{closure:Illuminate/Pipeline/Pipeline::carry():194}:195}()
#18 C:/Users/FACHRI/Nocturnal-poison-platform-kelompok5/php-traffic/vendor/laravel/framework/src/Illuminate/Foundation/Http/Middleware/TrimStrings.php(51): Illuminate/Foundation/Http/Middleware/TransformsRequest->handle()
#19 C:/Users/FACHRI/Nocturnal-poison-platform-kelompok5/php-traffic/vendor/laravel/framework/src/Illuminate/Pipeline/Pipeline.php(219): Illuminate/Foundation/Http/Middleware/TrimStrings->handle()
#20 C:/Users/FACHRI/Nocturnal-poison-platform-kelompok5/php-traffic/vendor/laravel/framework/src/Illuminate/Http/Middleware/ValidatePostSize.php(27): Illuminate/Pipeline/Pipeline->{closure:{closure:Illuminate/Pipeline/Pipeline::carry():194}:195}()
#21 C:/Users/FACHRI/Nocturnal-poison-platform-kelompok5/php-traffic/vendor/laravel/framework/src/Illuminate/Pipeline/Pipeline.php(219): Illuminate/Http/Middleware/ValidatePostSize->handle()
#22 C:/Users/FACHRI/Nocturnal-poison-platform-kelompok5/php-traffic/vendor/laravel/framework/src/Illuminate/Foundation/Http/Middleware/PreventRequestsDuringMaintenance.php(109): Illuminate/Pipeline/Pipeline->{closure:{closure:Illuminate/Pipeline/Pipeline::carry():194}:195}()
#23 C:/Users/FACHRI/Nocturnal-poison-platform-kelompok5/php-traffic/vendor/laravel/framework/src/Illuminate/Pipeline/Pipeline.php(219): Illuminate/Foundation/Http/Middleware/PreventRequestsDuringMaintenance->handle()
#24 C:/Users/FACHRI/Nocturnal-poison-platform-kelompok5/php-traffic/vendor/laravel/framework/src/Illuminate/Http/Middleware/HandleCors.php(74): Illuminate/Pipeline/Pipeline->{closure:{closure:Illuminate/Pipeline/Pipeline::carry():194}:195}()
#25 C:/Users/FACHRI/Nocturnal-poison-platform-kelompok5/php-traffic/vendor/laravel/framework/src/Illuminate/Pipeline/Pipeline.php(219): Illuminate/Http/Middleware/HandleCors->handle()
#26 C:/Users/FACHRI/Nocturnal-poison-platform-kelompok5/php-traffic/vendor/laravel/framework/src/Illuminate/Http/Middleware/TrustProxies.php(58): Illuminate/Pipeline/Pipeline->{closure:{closure:Illuminate/Pipeline/Pipeline::carry():194}:195}()
#27 C:/Users/FACHRI/Nocturnal-poison-platform-kelompok5/php-traffic/vendor/laravel/framework/src/Illuminate/Pipeline/Pipeline.php(219): Illuminate/Http/Middleware/TrustProxies->handle()
#28 C:/Users/FACHRI/Nocturnal-poison-platform-kelompok5/php-traffic/vendor/laravel/framework/src/Illuminate/Foundation/Http/Middleware/InvokeDeferredCallbacks.php(22): Illuminate/Pipeline/Pipeline->{closure:{closure:Illuminate/Pipeline/Pipeline::carry():194}:195}()
#29 C:/Users/FACHRI/Nocturnal-poison-platform-kelompok5/php-traffic/vendor/laravel/framework/src/Illuminate/Pipeline/Pipeline.php(219): Illuminate/Foundation/Http/Middleware/InvokeDeferredCallbacks->handle()
#30 C:/Users/FACHRI/Nocturnal-poison-platform-kelompok5/php-traffic/vendor/laravel/framework/src/Illuminate/Http/Middleware/ValidatePathEncoding.php(26): Illuminate/Pipeline/Pipeline->{closure:{closure:Illuminate/Pipeline/Pipeline::carry():194}:195}()
#31 C:/Users/FACHRI/Nocturnal-poison-platform-kelompok5/php-traffic/vendor/laravel/framework/src/Illuminate/Pipeline/Pipeline.php(219): Illuminate/Http/Middleware/ValidatePathEncoding->handle()
#32 C:/Users/FACHRI/Nocturnal-poison-platform-kelompok5/php-traffic/vendor/laravel/framework/src/Illuminate/Pipeline/Pipeline.php(137): Illuminate/Pipeline/Pipeline->{closure:{closure:Illuminate/Pipeline/Pipeline::carry():194}:195}()
#33 C:/Users/FACHRI/Nocturnal-poison-platform-kelompok5/php-traffic/vendor/laravel/framework/src/Illuminate/Foundation/Http/Kernel.php(175): Illuminate/Pipeline/Pipeline->then()
#34 C:/Users/FACHRI/Nocturnal-poison-platform-kelompok5/php-traffic/vendor/laravel/framework/src/Illuminate/Foundation/Http/Kernel.php(144): Illuminate/Foundation/Http/Kernel->sendRequestThroughRouter()
#35 C:/Users/FACHRI/Nocturnal-poison-platform-kelompok5/php-traffic/vendor/laravel/framework/src/Illuminate/Foundation/Application.php(1220): Illuminate/Foundation/Http/Kernel->handle()
#36 C:/Users/FACHRI/Nocturnal-poison-platform-kelompok5/php-traffic/public/index.php(20): Illuminate/Foundation/Application->handleRequest()
#37 C:/Users/FACHRI/Nocturnal-poison-platform-kelompok5/php-traffic/vendor/laravel/framework/src/Illuminate/Foundation/resources/server.php(23): require_once('...')
#38 {main}
"} 
[2026-06-14 08:09:53] local.ERROR: Too few arguments to function App\Http\Controllers\TrafficController::trafficHistory(), 0 passed in C:\Users\FACHRI\Nocturnal-poison-platform-kelompok5\php-traffic\vendor\laravel\framework\src\Illuminate\Routing\ControllerDispatcher.php on line 46 and exactly 1 expected {"exception":"[object] (ArgumentCountError(code: 0): Too few arguments to function App\\Http\\Controllers\\TrafficController::trafficHistory(), 0 passed in C:\\Users\\FACHRI\\Nocturnal-poison-platform-kelompok5\\php-traffic\\vendor\\laravel\\framework\\src\\Illuminate\\Routing\\ControllerDispatcher.php on line 46 and exactly 1 expected at C:/Users/FACHRI/Nocturnal-poison-platform-kelompok5/php-traffic/app/Http/Controllers/TrafficController.php:56)
[stacktrace]
#0 C:/Users/FACHRI/Nocturnal-poison-platform-kelompok5/php-traffic/vendor/laravel/framework/src/Illuminate/Routing/ControllerDispatcher.php(46): App/Http/Controllers/TrafficController->trafficHistory()
#1 C:/Users/FACHRI/Nocturnal-poison-platform-kelompok5/php-traffic/vendor/laravel/framework/src/Illuminate/Routing/Route.php(265): Illuminate/Routing/ControllerDispatcher->dispatch()
#2 C:/Users/FACHRI/Nocturnal-poison-platform-kelompok5/php-traffic/vendor/laravel/framework/src/Illuminate/Routing/Route.php(211): Illuminate/Routing/Route->runController()
#3 C:/Users/FACHRI/Nocturnal-poison-platform-kelompok5/php-traffic/vendor/laravel/framework/src/Illuminate/Routing/Router.php(822): Illuminate/Routing/Route->run()
#4 C:/Users/FACHRI/Nocturnal-poison-platform-kelompok5/php-traffic/vendor/laravel/framework/src/Illuminate/Pipeline/Pipeline.php(180): Illuminate/Routing/Router->{closure:Illuminate/Routing/Router::runRouteWithinStack():821}()
#5 C:/Users/FACHRI/Nocturnal-poison-platform-kelompok5/php-traffic/vendor/laravel/framework/src/Illuminate/Routing/Middleware/SubstituteBindings.php(50): Illuminate/Pipeline/Pipeline->{closure:Illuminate/Pipeline/Pipeline::prepareDestination():178}()
#6 C:/Users/FACHRI/Nocturnal-poison-platform-kelompok5/php-traffic/vendor/laravel/framework/src/Illuminate/Pipeline/Pipeline.php(219): Illuminate/Routing/Middleware/SubstituteBindings->handle()
#7 C:/Users/FACHRI/Nocturnal-poison-platform-kelompok5/php-traffic/vendor/laravel/framework/src/Illuminate/Pipeline/Pipeline.php(137): Illuminate/Pipeline/Pipeline->{closure:{closure:Illuminate/Pipeline/Pipeline::carry():194}:195}()
#8 C:/Users/FACHRI/Nocturnal-poison-platform-kelompok5/php-traffic/vendor/laravel/framework/src/Illuminate/Routing/Router.php(821): Illuminate/Pipeline/Pipeline->then()
#9 C:/Users/FACHRI/Nocturnal-poison-platform-kelompok5/php-traffic/vendor/laravel/framework/src/Illuminate/Routing/Router.php(800): Illuminate/Routing/Router->runRouteWithinStack()
#10 C:/Users/FACHRI/Nocturnal-poison-platform-kelompok5/php-traffic/vendor/laravel/framework/src/Illuminate/Routing/Router.php(764): Illuminate/Routing/Router->runRoute()
#11 C:/Users/FACHRI/Nocturnal-poison-platform-kelompok5/php-traffic/vendor/laravel/framework/src/Illuminate/Routing/Router.php(753): Illuminate/Routing/Router->dispatchToRoute()
#12 C:/Users/FACHRI/Nocturnal-poison-platform-kelompok5/php-traffic/vendor/laravel/framework/src/Illuminate/Foundation/Http/Kernel.php(200): Illuminate/Routing/Router->dispatch()
#13 C:/Users/FACHRI/Nocturnal-poison-platform-kelompok5/php-traffic/vendor/laravel/framework/src/Illuminate/Pipeline/Pipeline.php(180): Illuminate/Foundation/Http/Kernel->{closure:Illuminate/Foundation/Http/Kernel::dispatchToRouter():197}()
#14 C:/Users/FACHRI/Nocturnal-poison-platform-kelompok5/php-traffic/vendor/laravel/framework/src/Illuminate/Foundation/Http/Middleware/TransformsRequest.php(21): Illuminate/Pipeline/Pipeline->{closure:Illuminate/Pipeline/Pipeline::prepareDestination():178}()
#15 C:/Users/FACHRI/Nocturnal-poison-platform-kelompok5/php-traffic/vendor/laravel/framework/src/Illuminate/Foundation/Http/Middleware/ConvertEmptyStringsToNull.php(31): Illuminate/Foundation/Http/Middleware/TransformsRequest->handle()
#16 C:/Users/FACHRI/Nocturnal-poison-platform-kelompok5/php-traffic/vendor/laravel/framework/src/Illuminate/Pipeline/Pipeline.php(219): Illuminate/Foundation/Http/Middleware/ConvertEmptyStringsToNull->handle()
#17 C:/Users/FACHRI/Nocturnal-poison-platform-kelompok5/php-traffic/vendor/laravel/framework/src/Illuminate/Foundation/Http/Middleware/TransformsRequest.php(21): Illuminate/Pipeline/Pipeline->{closure:{closure:Illuminate/Pipeline/Pipeline::carry():194}:195}()
#18 C:/Users/FACHRI/Nocturnal-poison-platform-kelompok5/php-traffic/vendor/laravel/framework/src/Illuminate/Foundation/Http/Middleware/TrimStrings.php(51): Illuminate/Foundation/Http/Middleware/TransformsRequest->handle()
#19 C:/Users/FACHRI/Nocturnal-poison-platform-kelompok5/php-traffic/vendor/laravel/framework/src/Illuminate/Pipeline/Pipeline.php(219): Illuminate/Foundation/Http/Middleware/TrimStrings->handle()
#20 C:/Users/FACHRI/Nocturnal-poison-platform-kelompok5/php-traffic/vendor/laravel/framework/src/Illuminate/Http/Middleware/ValidatePostSize.php(27): Illuminate/Pipeline/Pipeline->{closure:{closure:Illuminate/Pipeline/Pipeline::carry():194}:195}()
#21 C:/Users/FACHRI/Nocturnal-poison-platform-kelompok5/php-traffic/vendor/laravel/framework/src/Illuminate/Pipeline/Pipeline.php(219): Illuminate/Http/Middleware/ValidatePostSize->handle()
#22 C:/Users/FACHRI/Nocturnal-poison-platform-kelompok5/php-traffic/vendor/laravel/framework/src/Illuminate/Foundation/Http/Middleware/PreventRequestsDuringMaintenance.php(109): Illuminate/Pipeline/Pipeline->{closure:{closure:Illuminate/Pipeline/Pipeline::carry():194}:195}()
#23 C:/Users/FACHRI/Nocturnal-poison-platform-kelompok5/php-traffic/vendor/laravel/framework/src/Illuminate/Pipeline/Pipeline.php(219): Illuminate/Foundation/Http/Middleware/PreventRequestsDuringMaintenance->handle()
#24 C:/Users/FACHRI/Nocturnal-poison-platform-kelompok5/php-traffic/vendor/laravel/framework/src/Illuminate/Http/Middleware/HandleCors.php(74): Illuminate/Pipeline/Pipeline->{closure:{closure:Illuminate/Pipeline/Pipeline::carry():194}:195}()
#25 C:/Users/FACHRI/Nocturnal-poison-platform-kelompok5/php-traffic/vendor/laravel/framework/src/Illuminate/Pipeline/Pipeline.php(219): Illuminate/Http/Middleware/HandleCors->handle()
#26 C:/Users/FACHRI/Nocturnal-poison-platform-kelompok5/php-traffic/vendor/laravel/framework/src/Illuminate/Http/Middleware/TrustProxies.php(58): Illuminate/Pipeline/Pipeline->{closure:{closure:Illuminate/Pipeline/Pipeline::carry():194}:195}()
#27 C:/Users/FACHRI/Nocturnal-poison-platform-kelompok5/php-traffic/vendor/laravel/framework/src/Illuminate/Pipeline/Pipeline.php(219): Illuminate/Http/Middleware/TrustProxies->handle()
#28 C:/Users/FACHRI/Nocturnal-poison-platform-kelompok5/php-traffic/vendor/laravel/framework/src/Illuminate/Foundation/Http/Middleware/InvokeDeferredCallbacks.php(22): Illuminate/Pipeline/Pipeline->{closure:{closure:Illuminate/Pipeline/Pipeline::carry():194}:195}()
#29 C:/Users/FACHRI/Nocturnal-poison-platform-kelompok5/php-traffic/vendor/laravel/framework/src/Illuminate/Pipeline/Pipeline.php(219): Illuminate/Foundation/Http/Middleware/InvokeDeferredCallbacks->handle()
#30 C:/Users/FACHRI/Nocturnal-poison-platform-kelompok5/php-traffic/vendor/laravel/framework/src/Illuminate/Http/Middleware/ValidatePathEncoding.php(26): Illuminate/Pipeline/Pipeline->{closure:{closure:Illuminate/Pipeline/Pipeline::carry():194}:195}()
#31 C:/Users/FACHRI/Nocturnal-poison-platform-kelompok5/php-traffic/vendor/laravel/framework/src/Illuminate/Pipeline/Pipeline.php(219): Illuminate/Http/Middleware/ValidatePathEncoding->handle()
#32 C:/Users/FACHRI/Nocturnal-poison-platform-kelompok5/php-traffic/vendor/laravel/framework/src/Illuminate/Pipeline/Pipeline.php(137): Illuminate/Pipeline/Pipeline->{closure:{closure:Illuminate/Pipeline/Pipeline::carry():194}:195}()
#33 C:/Users/FACHRI/Nocturnal-poison-platform-kelompok5/php-traffic/vendor/laravel/framework/src/Illuminate/Foundation/Http/Kernel.php(175): Illuminate/Pipeline/Pipeline->then()
#34 C:/Users/FACHRI/Nocturnal-poison-platform-kelompok5/php-traffic/vendor/laravel/framework/src/Illuminate/Foundation/Http/Kernel.php(144): Illuminate/Foundation/Http/Kernel->sendRequestThroughRouter()
#35 C:/Users/FACHRI/Nocturnal-poison-platform-kelompok5/php-traffic/vendor/laravel/framework/src/Illuminate/Foundation/Application.php(1220): Illuminate/Foundation/Http/Kernel->handle()
#36 C:/Users/FACHRI/Nocturnal-poison-platform-kelompok5/php-traffic/public/index.php(20): Illuminate/Foundation/Application->handleRequest()
#37 C:/Users/FACHRI/Nocturnal-poison-platform-kelompok5/php-traffic/vendor/laravel/framework/src/Illuminate/Foundation/resources/server.php(23): require_once('...')
#38 {main}
"} 
